<?xml version="1.0" encoding="UTF-8"?>
<!-- Generated by org.testng.reporters.JUnitXMLReporter -->
<testsuite ignored="0" hostname="DESKTOP-8QKMD94" failures="0" tests="10" name="Default test" time="0.24" errors="0" timestamp="2026-03-27T12:39:58 CET">
  <testcase classname="TestComponents.BaseTest" name="@BeforeMethod launchApplication" time="-1.774611597997E9">
    <failure type="org.testng.TestNGException" message="
Parameter &amp;apos;browser&amp;apos; is required by BeforeMethod on method launchApplication but has not been marked @Optional or defined
in C:\Users\KIBZ\AppData\Local\Temp\testng-eclipse--431404947\testng-customsuite.xml">
      <![CDATA[org.testng.TestNGException: 
Parameter 'browser' is required by BeforeMethod on method launchApplication but has not been marked @Optional or defined
in C:\Users\KIBZ\AppData\Local\Temp\testng-eclipse--431404947\testng-customsuite.xml
at org.testng.internal.Parameters.createParams(Parameters.java:264)
at org.testng.internal.Parameters.createParametersForMethod(Parameters.java:352)
at org.testng.internal.Parameters.createParameters(Parameters.java:690)
at org.testng.internal.Parameters.createConfigurationParameters(Parameters.java:163)
at org.testng.internal.invokers.ConfigInvoker.invokeConfigurations(ConfigInvoker.java:313)
at org.testng.internal.invokers.TestInvoker.runConfigMethods(TestInvoker.java:846)
at org.testng.internal.invokers.TestInvoker.invokeMethod(TestInvoker.java:611)
at org.testng.internal.invokers.TestInvoker.invokeTestMethod(TestInvoker.java:230)
at org.testng.internal.invokers.MethodRunner.runInSequence(MethodRunner.java:63)
at org.testng.internal.invokers.TestInvoker$MethodInvocationAgent.invoke(TestInvoker.java:1005)
at org.testng.internal.invokers.TestInvoker.invokeTestMethods(TestInvoker.java:203)
at org.testng.internal.invokers.TestMethodWorker.invokeTestMethods(TestMethodWorker.java:154)
at org.testng.internal.invokers.TestMethodWorker.run(TestMethodWorker.java:134)
at java.base/java.util.ArrayList.forEach(ArrayList.java:1511)
at org.testng.TestRunner.privateRun(TestRunner.java:744)
at org.testng.TestRunner.run(TestRunner.java:616)
at org.testng.SuiteRunner.runTest(SuiteRunner.java:421)
at org.testng.SuiteRunner.runSequentially(SuiteRunner.java:413)
at org.testng.SuiteRunner.privateRun(SuiteRunner.java:373)
at org.testng.SuiteRunner.run(SuiteRunner.java:312)
at org.testng.SuiteRunnerWorker.runSuite(SuiteRunnerWorker.java:52)
at org.testng.SuiteRunnerWorker.run(SuiteRunnerWorker.java:95)
at org.testng.TestNG.runSuitesSequentially(TestNG.java:1274)
at org.testng.TestNG.runSuitesLocally(TestNG.java:1208)
at org.testng.TestNG.runSuites(TestNG.java:1112)
at org.testng.TestNG.run(TestNG.java:1079)
at org.testng.remote.AbstractRemoteTestNG.run(AbstractRemoteTestNG.java:115)
at org.testng.remote.RemoteTestNG.initAndRun(RemoteTestNG.java:293)
at org.testng.remote.RemoteTestNG.main(RemoteTestNG.java:91)
]]>
    </failure>
  </testcase> <!-- @BeforeMethod launchApplication -->
  <testcase classname="TestComponents.BaseTest" name="@AfterMethod tearDown" time="0.0">
    <skipped/>
  </testcase> <!-- @AfterMethod tearDown -->
  <testcase classname="TestComponents.BaseTest" name="@BeforeMethod launchApplication" time="0.0">
    <skipped/>
  </testcase> <!-- @BeforeMethod launchApplication -->
  <testcase classname="TestComponents.BaseTest" name="@AfterMethod tearDown" time="0.0">
    <skipped/>
  </testcase> <!-- @AfterMethod tearDown -->
  <testcase classname="TestComponents.BaseTest" name="@BeforeMethod launchApplication" time="0.0">
    <skipped/>
  </testcase> <!-- @BeforeMethod launchApplication -->
  <testcase classname="TestComponents.BaseTest" name="@AfterMethod tearDown" time="0.0">
    <skipped/>
  </testcase> <!-- @AfterMethod tearDown -->
  <testcase classname="TestComponents.BaseTest" name="@BeforeMethod launchApplication" time="0.0">
    <skipped/>
  </testcase> <!-- @BeforeMethod launchApplication -->
  <testcase classname="TestComponents.BaseTest" name="@AfterMethod tearDown" time="0.0">
    <skipped/>
  </testcase> <!-- @AfterMethod tearDown -->
  <testcase classname="TestComponents.BaseTest" name="@BeforeMethod launchApplication" time="0.0">
    <skipped/>
  </testcase> <!-- @BeforeMethod launchApplication -->
  <testcase classname="TestComponents.BaseTest" name="@AfterMethod tearDown" time="0.0">
    <skipped/>
  </testcase> <!-- @AfterMethod tearDown -->
  <testcase classname="TestComponents.BaseTest" name="@BeforeMethod launchApplication" time="0.0">
    <skipped/>
  </testcase> <!-- @BeforeMethod launchApplication -->
  <testcase classname="TestComponents.BaseTest" name="@AfterMethod tearDown" time="0.0">
    <skipped/>
  </testcase> <!-- @AfterMethod tearDown -->
  <testcase classname="TestComponents.BaseTest" name="@BeforeMethod launchApplication" time="0.0">
    <skipped/>
  </testcase> <!-- @BeforeMethod launchApplication -->
  <testcase classname="TestComponents.BaseTest" name="@AfterMethod tearDown" time="0.0">
    <skipped/>
  </testcase> <!-- @AfterMethod tearDown -->
  <testcase classname="TestComponents.BaseTest" name="@BeforeMethod launchApplication" time="0.0">
    <skipped/>
  </testcase> <!-- @BeforeMethod launchApplication -->
  <testcase classname="TestComponents.BaseTest" name="@AfterMethod tearDown" time="0.0">
    <skipped/>
  </testcase> <!-- @AfterMethod tearDown -->
  <testcase classname="TestComponents.BaseTest" name="@BeforeMethod launchApplication" time="0.0">
    <skipped/>
  </testcase> <!-- @BeforeMethod launchApplication -->
  <testcase classname="TestComponents.BaseTest" name="@AfterMethod tearDown" time="0.0">
    <skipped/>
  </testcase> <!-- @AfterMethod tearDown -->
  <testcase classname="TestComponents.BaseTest" name="@BeforeMethod launchApplication" time="0.0">
    <skipped/>
  </testcase> <!-- @BeforeMethod launchApplication -->
  <testcase classname="TestComponents.BaseTest" name="@AfterMethod tearDown" time="0.0">
    <skipped/>
  </testcase> <!-- @AfterMethod tearDown -->
  <testcase classname="tests.CartPageTests" name="CartPageRefreshValidation" time="0.0">
    <skipped/>
  </testcase> <!-- CartPageRefreshValidation -->
  <testcase classname="tests.CartPageTests" name="CartSessionValidation" time="0.0">
    <skipped/>
  </testcase> <!-- CartSessionValidation -->
  <testcase classname="tests.CartPageTests" name="CartSubtotalDeductionValidation" time="0.0">
    <skipped/>
  </testcase> <!-- CartSubtotalDeductionValidation -->
  <testcase classname="tests.CartPageTests" name="CartSubtotalValidation" time="0.0">
    <skipped/>
  </testcase> <!-- CartSubtotalValidation -->
  <testcase classname="tests.CartPageTests" name="CheckoutBtnValidation" time="0.001">
    <skipped/>
  </testcase> <!-- CheckoutBtnValidation -->
  <testcase classname="tests.CartPageTests" name="ContinueShoppingButtonValidation" time="0.0">
    <skipped/>
  </testcase> <!-- ContinueShoppingButtonValidation -->
  <testcase classname="tests.CartPageTests" name="EmptyCartValidation" time="0.0">
    <skipped/>
  </testcase> <!-- EmptyCartValidation -->
  <testcase classname="tests.CartPageTests" name="ProductCodeValidation" time="0.0">
    <skipped/>
  </testcase> <!-- ProductCodeValidation -->
  <testcase classname="tests.CartPageTests" name="RemoveItemFromCartValidation" time="0.0">
    <skipped/>
  </testcase> <!-- RemoveItemFromCartValidation -->
  <testcase classname="tests.CartPageTests" name="ViewProductValidation" time="0.0">
    <skipped/>
  </testcase> <!-- ViewProductValidation -->
</testsuite> <!-- Default test -->
