<?xml version="1.0" encoding="UTF-8"?>
<!-- Generated by org.testng.reporters.JUnitXMLReporter -->
<testsuite ignored="9" hostname="DESKTOP-8QKMD94" failures="1" tests="3" name="Chrome Tests" time="27.174" errors="0" timestamp="2026-03-30T18:24:38 CEST">
  <testcase classname="tests.CartPageTests" name="CartSubtotalDeductionValidation" time="6.135">
    <skipped/>
  </testcase> <!-- CartSubtotalDeductionValidation -->
  <testcase classname="tests.CartPageTests" name="CartSubtotalDeductionValidation" time="6.292">
    <skipped/>
  </testcase> <!-- CartSubtotalDeductionValidation -->
  <testcase classname="tests.CartPageTests" name="CartSubtotalDeductionValidation" time="5.974">
    <failure type="java.lang.AssertionError" message="expected [144500] but found [66500]">
      <![CDATA[java.lang.AssertionError: expected [144500] but found [66500]
at tests.CartPageTests.CartSubtotalDeductionValidation(CartPageTests.java:73)
at java.base/java.util.ArrayList.forEach(ArrayList.java:1511)
at java.base/java.util.concurrent.FutureTask.run(FutureTask.java:317)
at java.base/java.util.concurrent.ThreadPoolExecutor.runWorker(ThreadPoolExecutor.java:1144)
at java.base/java.util.concurrent.ThreadPoolExecutor$Worker.run(ThreadPoolExecutor.java:642)
at java.base/java.lang.Thread.run(Thread.java:1589)
... Removed 22 stack frames]]>
    </failure>
  </testcase> <!-- CartSubtotalDeductionValidation -->
  <testcase classname="tests.CartPageTests" name="ViewProductValidation" time="0.0">
    <ignored/>
  </testcase> <!-- ViewProductValidation -->
  <testcase classname="tests.CartPageTests" name="CartSessionValidation" time="0.0">
    <ignored/>
  </testcase> <!-- CartSessionValidation -->
  <testcase classname="tests.CartPageTests" name="EmptyCartValidation" time="0.0">
    <ignored/>
  </testcase> <!-- EmptyCartValidation -->
  <testcase classname="tests.CartPageTests" name="ProductCodeValidation" time="0.0">
    <ignored/>
  </testcase> <!-- ProductCodeValidation -->
  <testcase classname="tests.CartPageTests" name="ContinueShoppingButtonValidation" time="0.0">
    <ignored/>
  </testcase> <!-- ContinueShoppingButtonValidation -->
  <testcase classname="tests.CartPageTests" name="CheckoutBtnValidation" time="0.0">
    <ignored/>
  </testcase> <!-- CheckoutBtnValidation -->
  <testcase classname="tests.CartPageTests" name="CartSubtotalValidation" time="0.0">
    <ignored/>
  </testcase> <!-- CartSubtotalValidation -->
  <testcase classname="tests.CartPageTests" name="CartPageRefreshValidation" time="0.0">
    <ignored/>
  </testcase> <!-- CartPageRefreshValidation -->
  <testcase classname="tests.CartPageTests" name="RemoveItemFromCartValidation" time="0.0">
    <ignored/>
  </testcase> <!-- RemoveItemFromCartValidation -->
</testsuite> <!-- Chrome Tests -->
