<?xml version="1.0" encoding="UTF-8"?>
<!-- Generated by org.testng.reporters.JUnitXMLReporter -->
<testsuite ignored="0" hostname="DESKTOP-8QKMD94" failures="2" tests="15" name="Chrome Tests" time="135.102" errors="0" timestamp="2026-03-24T15:26:49 CET">
  <testcase classname="tests.CartPageTests" name="CartPageRefreshValidation" time="23.158"/>
  <testcase classname="tests.CartPageTests" name="CartSessionValidation" time="23.572"/>
  <testcase classname="tests.CartPageTests" name="CartSubtotalDeductionValidation" time="5.858">
    <failure type="java.lang.AssertionError" message="expected [144500] but found [66500]">
      <![CDATA[java.lang.AssertionError: expected [144500] but found [66500]
at tests.CartPageTests.CartSubtotalDeductionValidation(CartPageTests.java:70)
at java.base/java.util.ArrayList.forEach(ArrayList.java:1511)
at java.base/java.util.concurrent.FutureTask.run(FutureTask.java:317)
at java.base/java.util.concurrent.ThreadPoolExecutor.runWorker(ThreadPoolExecutor.java:1144)
at java.base/java.util.concurrent.ThreadPoolExecutor$Worker.run(ThreadPoolExecutor.java:642)
at java.base/java.lang.Thread.run(Thread.java:1589)
... Removed 22 stack frames]]>
    </failure>
  </testcase> <!-- CartSubtotalDeductionValidation -->
  <testcase classname="tests.CartPageTests" name="CartSubtotalValidation" time="5.338"/>
  <testcase classname="tests.CartPageTests" name="CheckoutBtnValidation" time="2.921"/>
  <testcase classname="tests.CartPageTests" name="ContinueShoppingButtonValidation" time="0.686"/>
  <testcase classname="tests.CartPageTests" name="EmptyCartValidation" time="0.847"/>
  <testcase classname="tests.CartPageTests" name="ProductCodeValidation" time="3.312"/>
  <testcase classname="tests.CartPageTests" name="RemoveItemFromCartValidation" time="5.872"/>
  <testcase classname="tests.CartPageTests" name="ViewProductValidation" time="0.74"/>
  <testcase classname="tests.CheckoutPageTests" name="CheckoutProductValidation" time="5.859"/>
  <testcase classname="tests.CheckoutPageTests" name="CouponValidation" time="2.765"/>
  <testcase classname="tests.CheckoutPageTests" name="CreditCardValidation" time="3.207">
    <failure type="java.lang.AssertionError" message="expected [Please Enter Full Shipping Information] but found [Product Added To Cart]">
      <![CDATA[java.lang.AssertionError: expected [Please Enter Full Shipping Information] but found [Product Added To Cart]
at tests.CheckoutPageTests.CreditCardValidation(CheckoutPageTests.java:72)
at java.base/java.util.ArrayList.forEach(ArrayList.java:1511)
at java.base/java.util.concurrent.FutureTask.run(FutureTask.java:317)
at java.base/java.util.concurrent.ThreadPoolExecutor.runWorker(ThreadPoolExecutor.java:1144)
at java.base/java.util.concurrent.ThreadPoolExecutor$Worker.run(ThreadPoolExecutor.java:642)
at java.base/java.lang.Thread.run(Thread.java:1589)
... Removed 21 stack frames]]>
    </failure>
  </testcase> <!-- CreditCardValidation -->
  <testcase classname="tests.CheckoutPageTests" name="PlaceOrderValidation" time="3.41"/>
  <testcase classname="tests.CheckoutPageTests" name="ShippingInformationValidation" time="3.393"/>
</testsuite> <!-- Chrome Tests -->
