<?xml version="1.0" encoding="UTF-8"?>
<!-- Generated by org.testng.reporters.JUnitXMLReporter -->
<testsuite ignored="6" hostname="DESKTOP-8QKMD94" failures="0" tests="1" name="Edge Tests" time="4.323" errors="0" timestamp="2026-03-27T14:03:08 CET">
  <testcase classname="tests.LoginPageTests" name="WrongPasswordValidation" time="0.478"/>
  <testcase classname="tests.LoginPageTests" name="BlankSpacesValidation" time="0.0">
    <ignored/>
  </testcase> <!-- BlankSpacesValidation -->
  <testcase classname="tests.LoginPageTests" name="InvalidEmailValidation" time="0.0">
    <ignored/>
  </testcase> <!-- InvalidEmailValidation -->
  <testcase classname="tests.LoginPageTests" name="SuccessfulLoginValidation" time="0.0">
    <ignored/>
  </testcase> <!-- SuccessfulLoginValidation -->
  <testcase classname="tests.LoginPageTests" name="RegisterLinkValidation" time="0.0">
    <ignored/>
  </testcase> <!-- RegisterLinkValidation -->
  <testcase classname="tests.LoginPageTests" name="ForgotPasswordLinkValidation" time="0.0">
    <ignored/>
  </testcase> <!-- ForgotPasswordLinkValidation -->
  <testcase classname="tests.LoginPageTests" name="LogOutValidation" time="0.0">
    <ignored/>
  </testcase> <!-- LogOutValidation -->
</testsuite> <!-- Edge Tests -->
