<?xml version="1.0" encoding="UTF-8"?>
<!-- Generated by org.testng.reporters.JUnitXMLReporter -->
<testsuite ignored="0" hostname="DESKTOP-8QKMD94" failures="0" tests="6" name="Edge Tests" time="35.811" errors="0" timestamp="2026-03-24T15:25:10 CET">
  <testcase classname="tests.OrdersPageTests" name="BackToCartBtnValidation" time="0.883"/>
  <testcase classname="tests.OrdersPageTests" name="BackToShopBtnValidation" time="0.86"/>
  <testcase classname="tests.OrdersPageTests" name="DeleteOrderValidation" time="4.306"/>
  <testcase classname="tests.OrdersPageTests" name="ViewItemValidation" time="3.973"/>
  <testcase classname="tests.OrderDetailsTests" name="OrderDetailsValidation" time="4.078"/>
  <testcase classname="tests.OrderDetailsTests" name="ViewOrdersBtnValidation" time="3.943"/>
</testsuite> <!-- Edge Tests -->
