<?xml version="1.0" encoding="UTF-8"?>
<!-- Generated by org.testng.reporters.JUnitXMLReporter -->
<testsuite ignored="0" hostname="DESKTOP-8QKMD94" failures="3" tests="15" name="Test" time="110.708" errors="0" timestamp="2026-03-23T19:39:59 CET">
  <testcase classname="tests.CartPageTests" name="CartPageRefreshValidation" time="3.257"/>
  <testcase classname="tests.CartPageTests" name="CartSessionValidation" time="13.954">
    <failure type="java.lang.AssertionError" message="expected [true] but found [false]">
      <![CDATA[java.lang.AssertionError: expected [true] but found [false]
at tests.CartPageTests.CartSessionValidation(CartPageTests.java:88)
at java.base/java.util.ArrayList.forEach(ArrayList.java:1511)
... Removed 29 stack frames]]>
    </failure>
  </testcase> <!-- CartSessionValidation -->
  <testcase classname="tests.CartPageTests" name="CartSubtotalDeductionValidation" time="6.535">
    <failure type="java.lang.AssertionError" message="expected [144500] but found [66500]">
      <![CDATA[java.lang.AssertionError: expected [144500] but found [66500]
at tests.CartPageTests.CartSubtotalDeductionValidation(CartPageTests.java:70)
at java.base/java.util.ArrayList.forEach(ArrayList.java:1511)
... Removed 32 stack frames]]>
    </failure>
  </testcase> <!-- CartSubtotalDeductionValidation -->
  <testcase classname="tests.CartPageTests" name="CartSubtotalValidation" time="5.966"/>
  <testcase classname="tests.CartPageTests" name="CheckoutBtnValidation" time="3.249"/>
  <testcase classname="tests.CartPageTests" name="ContinueShoppingButtonValidation" time="1.12"/>
  <testcase classname="tests.CartPageTests" name="EmptyCartValidation" time="1.31"/>
  <testcase classname="tests.CartPageTests" name="ProductCodeValidation" time="3.671"/>
  <testcase classname="tests.CartPageTests" name="RemoveItemFromCartValidation" time="6.515"/>
  <testcase classname="tests.CartPageTests" name="ViewProductValidation" time="1.261"/>
  <testcase classname="tests.CheckoutPageTests" name="CheckoutProductValidation" time="6.404"/>
  <testcase classname="tests.CheckoutPageTests" name="CouponValidation" time="3.371"/>
  <testcase classname="tests.CheckoutPageTests" name="CreditCardValidation" time="3.714">
    <failure type="java.lang.AssertionError" message="expected [Please Enter Full Shipping Information] but found [Product Added To Cart]">
      <![CDATA[java.lang.AssertionError: expected [Please Enter Full Shipping Information] but found [Product Added To Cart]
at tests.CheckoutPageTests.CreditCardValidation(CheckoutPageTests.java:72)
at java.base/java.util.ArrayList.forEach(ArrayList.java:1511)
... Removed 31 stack frames]]>
    </failure>
  </testcase> <!-- CreditCardValidation -->
  <testcase classname="tests.CheckoutPageTests" name="PlaceOrderValidation" time="3.9"/>
  <testcase classname="tests.CheckoutPageTests" name="ShippingInformationValidation" time="3.748"/>
</testsuite> <!-- Test -->
