<?xml version="1.0" encoding="UTF-8"?>
<testng-results retried="2" ignored="9" total="12" passed="0" failed="1" skipped="0">
  <reporter-output>
  </reporter-output>
  <suite started-at="2026-03-30T18:24:10 CEST" name="Suite" finished-at="2026-03-30T18:24:37 CEST" duration-ms="27174">
    <groups>
    </groups>
    <test started-at="2026-03-30T18:24:10 CEST" name="Chrome Tests" finished-at="2026-03-30T18:24:37 CEST" duration-ms="27174">
      <class name="tests.CartPageTests">
        <test-method is-config="true" signature="launchApplication(java.lang.String,java.lang.String,java.lang.String)[pri:0, instance:tests.CartPageTests@1941a8ff]" started-at="2026-03-30T18:24:10 CEST" name="launchApplication" finished-at="2026-03-30T18:24:14 CEST" duration-ms="3275" status="PASS">
          <params>
            <param index="0">
              <value>
                <![CDATA[chrome]]>
              </value>
            </param>
            <param index="1">
              <value>
                <![CDATA[randomemail1234@gmail.com]]>
              </value>
            </param>
            <param index="2">
              <value>
                <![CDATA[Randompass889]]>
              </value>
            </param>
          </params>
          <reporter-output>
          </reporter-output>
        </test-method> <!-- launchApplication -->
        <test-method retried="true" signature="CartSubtotalDeductionValidation(java.util.HashMap)[pri:0, instance:tests.CartPageTests@1941a8ff]" started-at="2026-03-30T18:24:14 CEST" name="CartSubtotalDeductionValidation" data-provider="getData" finished-at="2026-03-30T18:24:20 CEST" duration-ms="6135" status="SKIP">
          <params>
            <param index="0">
              <value>
                <![CDATA[{creditCard=123123123, country=Poland, product=ZARA COAT 3}]]>
              </value>
            </param>
          </params>
          <exception class="java.lang.AssertionError">
            <message>
              <![CDATA[expected [144500] but found [66500]]]>
            </message>
            <full-stacktrace>
              <![CDATA[java.lang.AssertionError: expected [144500] but found [66500]
at org.testng.Assert.fail(Assert.java:111)
at org.testng.Assert.failNotEquals(Assert.java:1590)
at org.testng.Assert.assertEqualsImpl(Assert.java:150)
at org.testng.Assert.assertEquals(Assert.java:132)
at org.testng.Assert.assertEquals(Assert.java:1431)
at org.testng.Assert.assertEquals(Assert.java:1395)
at org.testng.Assert.assertEquals(Assert.java:1441)
at tests.CartPageTests.CartSubtotalDeductionValidation(CartPageTests.java:73)
at java.base/jdk.internal.reflect.DirectMethodHandleAccessor.invoke(DirectMethodHandleAccessor.java:104)
at java.base/java.lang.reflect.Method.invoke(Method.java:578)
at org.testng.internal.invokers.MethodInvocationHelper.invokeMethod(MethodInvocationHelper.java:141)
at org.testng.internal.invokers.TestInvoker.invokeMethod(TestInvoker.java:697)
at org.testng.internal.invokers.TestInvoker.invokeTestMethod(TestInvoker.java:230)
at org.testng.internal.invokers.MethodRunner.runInSequence(MethodRunner.java:63)
at org.testng.internal.invokers.TestInvoker$MethodInvocationAgent.invoke(TestInvoker.java:1005)
at org.testng.internal.invokers.TestInvoker.invokeTestMethods(TestInvoker.java:203)
at org.testng.internal.invokers.TestMethodWorker.invokeTestMethods(TestMethodWorker.java:154)
at org.testng.internal.invokers.TestMethodWorker.run(TestMethodWorker.java:134)
at java.base/java.util.ArrayList.forEach(ArrayList.java:1511)
at org.testng.TestRunner.privateRun(TestRunner.java:744)
at org.testng.TestRunner.run(TestRunner.java:616)
at org.testng.SuiteRunner.runTest(SuiteRunner.java:421)
at org.testng.SuiteRunner$SuiteWorker.run(SuiteRunner.java:463)
at org.testng.internal.thread.ThreadUtil.lambda$execute$0(ThreadUtil.java:64)
at java.base/java.util.concurrent.FutureTask.run(FutureTask.java:317)
at java.base/java.util.concurrent.ThreadPoolExecutor.runWorker(ThreadPoolExecutor.java:1144)
at java.base/java.util.concurrent.ThreadPoolExecutor$Worker.run(ThreadPoolExecutor.java:642)
at java.base/java.lang.Thread.run(Thread.java:1589)
]]>
            </full-stacktrace>
          </exception> <!-- java.lang.AssertionError -->
          <reporter-output>
          </reporter-output>
        </test-method> <!-- CartSubtotalDeductionValidation -->
        <test-method is-config="true" signature="tearDown()[pri:0, instance:tests.CartPageTests@1941a8ff]" started-at="2026-03-30T18:24:20 CEST" name="tearDown" finished-at="2026-03-30T18:24:20 CEST" duration-ms="95" status="PASS">
          <reporter-output>
          </reporter-output>
        </test-method> <!-- tearDown -->
        <test-method is-config="true" signature="launchApplication(java.lang.String,java.lang.String,java.lang.String)[pri:0, instance:tests.CartPageTests@1941a8ff]" started-at="2026-03-30T18:24:20 CEST" name="launchApplication" finished-at="2026-03-30T18:24:22 CEST" duration-ms="2565" status="PASS">
          <params>
            <param index="0">
              <value>
                <![CDATA[chrome]]>
              </value>
            </param>
            <param index="1">
              <value>
                <![CDATA[randomemail1234@gmail.com]]>
              </value>
            </param>
            <param index="2">
              <value>
                <![CDATA[Randompass889]]>
              </value>
            </param>
          </params>
          <reporter-output>
          </reporter-output>
        </test-method> <!-- launchApplication -->
        <test-method retried="true" signature="CartSubtotalDeductionValidation(java.util.HashMap)[pri:0, instance:tests.CartPageTests@1941a8ff]" started-at="2026-03-30T18:24:22 CEST" name="CartSubtotalDeductionValidation" data-provider="getData" finished-at="2026-03-30T18:24:29 CEST" duration-ms="6292" status="SKIP">
          <params>
            <param index="0">
              <value>
                <![CDATA[{creditCard=123123123, country=Poland, product=ZARA COAT 3}]]>
              </value>
            </param>
          </params>
          <exception class="java.lang.AssertionError">
            <message>
              <![CDATA[expected [144500] but found [66500]]]>
            </message>
            <full-stacktrace>
              <![CDATA[java.lang.AssertionError: expected [144500] but found [66500]
at org.testng.Assert.fail(Assert.java:111)
at org.testng.Assert.failNotEquals(Assert.java:1590)
at org.testng.Assert.assertEqualsImpl(Assert.java:150)
at org.testng.Assert.assertEquals(Assert.java:132)
at org.testng.Assert.assertEquals(Assert.java:1431)
at org.testng.Assert.assertEquals(Assert.java:1395)
at org.testng.Assert.assertEquals(Assert.java:1441)
at tests.CartPageTests.CartSubtotalDeductionValidation(CartPageTests.java:73)
at java.base/jdk.internal.reflect.DirectMethodHandleAccessor.invoke(DirectMethodHandleAccessor.java:104)
at java.base/java.lang.reflect.Method.invoke(Method.java:578)
at org.testng.internal.invokers.MethodInvocationHelper.invokeMethod(MethodInvocationHelper.java:141)
at org.testng.internal.invokers.TestInvoker.invokeMethod(TestInvoker.java:697)
at org.testng.internal.invokers.TestInvoker.retryFailed(TestInvoker.java:280)
at org.testng.internal.invokers.MethodRunner.runInSequence(MethodRunner.java:76)
at org.testng.internal.invokers.TestInvoker$MethodInvocationAgent.invoke(TestInvoker.java:1005)
at org.testng.internal.invokers.TestInvoker.invokeTestMethods(TestInvoker.java:203)
at org.testng.internal.invokers.TestMethodWorker.invokeTestMethods(TestMethodWorker.java:154)
at org.testng.internal.invokers.TestMethodWorker.run(TestMethodWorker.java:134)
at java.base/java.util.ArrayList.forEach(ArrayList.java:1511)
at org.testng.TestRunner.privateRun(TestRunner.java:744)
at org.testng.TestRunner.run(TestRunner.java:616)
at org.testng.SuiteRunner.runTest(SuiteRunner.java:421)
at org.testng.SuiteRunner$SuiteWorker.run(SuiteRunner.java:463)
at org.testng.internal.thread.ThreadUtil.lambda$execute$0(ThreadUtil.java:64)
at java.base/java.util.concurrent.FutureTask.run(FutureTask.java:317)
at java.base/java.util.concurrent.ThreadPoolExecutor.runWorker(ThreadPoolExecutor.java:1144)
at java.base/java.util.concurrent.ThreadPoolExecutor$Worker.run(ThreadPoolExecutor.java:642)
at java.base/java.lang.Thread.run(Thread.java:1589)
]]>
            </full-stacktrace>
          </exception> <!-- java.lang.AssertionError -->
          <reporter-output>
          </reporter-output>
        </test-method> <!-- CartSubtotalDeductionValidation -->
        <test-method is-config="true" signature="tearDown()[pri:0, instance:tests.CartPageTests@1941a8ff]" started-at="2026-03-30T18:24:29 CEST" name="tearDown" finished-at="2026-03-30T18:24:29 CEST" duration-ms="107" status="PASS">
          <reporter-output>
          </reporter-output>
        </test-method> <!-- tearDown -->
        <test-method is-config="true" signature="launchApplication(java.lang.String,java.lang.String,java.lang.String)[pri:0, instance:tests.CartPageTests@1941a8ff]" started-at="2026-03-30T18:24:29 CEST" name="launchApplication" finished-at="2026-03-30T18:24:31 CEST" duration-ms="2378" status="PASS">
          <params>
            <param index="0">
              <value>
                <![CDATA[chrome]]>
              </value>
            </param>
            <param index="1">
              <value>
                <![CDATA[randomemail1234@gmail.com]]>
              </value>
            </param>
            <param index="2">
              <value>
                <![CDATA[Randompass889]]>
              </value>
            </param>
          </params>
          <reporter-output>
          </reporter-output>
        </test-method> <!-- launchApplication -->
        <test-method signature="CartSubtotalDeductionValidation(java.util.HashMap)[pri:0, instance:tests.CartPageTests@1941a8ff]" started-at="2026-03-30T18:24:31 CEST" name="CartSubtotalDeductionValidation" data-provider="getData" finished-at="2026-03-30T18:24:37 CEST" duration-ms="5974" status="FAIL">
          <params>
            <param index="0">
              <value>
                <![CDATA[{creditCard=123123123, country=Poland, product=ZARA COAT 3}]]>
              </value>
            </param>
          </params>
          <exception class="java.lang.AssertionError">
            <message>
              <![CDATA[expected [144500] but found [66500]]]>
            </message>
            <full-stacktrace>
              <![CDATA[java.lang.AssertionError: expected [144500] but found [66500]
at org.testng.Assert.fail(Assert.java:111)
at org.testng.Assert.failNotEquals(Assert.java:1590)
at org.testng.Assert.assertEqualsImpl(Assert.java:150)
at org.testng.Assert.assertEquals(Assert.java:132)
at org.testng.Assert.assertEquals(Assert.java:1431)
at org.testng.Assert.assertEquals(Assert.java:1395)
at org.testng.Assert.assertEquals(Assert.java:1441)
at tests.CartPageTests.CartSubtotalDeductionValidation(CartPageTests.java:73)
at java.base/jdk.internal.reflect.DirectMethodHandleAccessor.invoke(DirectMethodHandleAccessor.java:104)
at java.base/java.lang.reflect.Method.invoke(Method.java:578)
at org.testng.internal.invokers.MethodInvocationHelper.invokeMethod(MethodInvocationHelper.java:141)
at org.testng.internal.invokers.TestInvoker.invokeMethod(TestInvoker.java:697)
at org.testng.internal.invokers.TestInvoker.retryFailed(TestInvoker.java:280)
at org.testng.internal.invokers.MethodRunner.runInSequence(MethodRunner.java:76)
at org.testng.internal.invokers.TestInvoker$MethodInvocationAgent.invoke(TestInvoker.java:1005)
at org.testng.internal.invokers.TestInvoker.invokeTestMethods(TestInvoker.java:203)
at org.testng.internal.invokers.TestMethodWorker.invokeTestMethods(TestMethodWorker.java:154)
at org.testng.internal.invokers.TestMethodWorker.run(TestMethodWorker.java:134)
at java.base/java.util.ArrayList.forEach(ArrayList.java:1511)
at org.testng.TestRunner.privateRun(TestRunner.java:744)
at org.testng.TestRunner.run(TestRunner.java:616)
at org.testng.SuiteRunner.runTest(SuiteRunner.java:421)
at org.testng.SuiteRunner$SuiteWorker.run(SuiteRunner.java:463)
at org.testng.internal.thread.ThreadUtil.lambda$execute$0(ThreadUtil.java:64)
at java.base/java.util.concurrent.FutureTask.run(FutureTask.java:317)
at java.base/java.util.concurrent.ThreadPoolExecutor.runWorker(ThreadPoolExecutor.java:1144)
at java.base/java.util.concurrent.ThreadPoolExecutor$Worker.run(ThreadPoolExecutor.java:642)
at java.base/java.lang.Thread.run(Thread.java:1589)
]]>
            </full-stacktrace>
          </exception> <!-- java.lang.AssertionError -->
          <reporter-output>
          </reporter-output>
        </test-method> <!-- CartSubtotalDeductionValidation -->
        <test-method is-config="true" signature="tearDown()[pri:0, instance:tests.CartPageTests@1941a8ff]" started-at="2026-03-30T18:24:37 CEST" name="tearDown" finished-at="2026-03-30T18:24:37 CEST" duration-ms="98" status="PASS">
          <reporter-output>
          </reporter-output>
        </test-method> <!-- tearDown -->
      </class> <!-- tests.CartPageTests -->
    </test> <!-- Chrome Tests -->
  </suite> <!-- Suite -->
</testng-results>
