<?xml version="1.0" encoding="UTF-8"?>
<!-- Generated by org.testng.reporters.JUnitReportReporter -->
<testsuite hostname="DESKTOP-8QKMD94" failures="0" tests="3" name="tests.ProductPageTests" time="21.712" errors="0" timestamp="2026-03-23T16:37:28 CET" skipped="0">
  <testcase classname="tests.ProductPageTests" name="ProductNameValidation" time="6.906"/>
  <testcase classname="tests.ProductPageTests" name="ContinueShoppingValidation" time="6.570"/>
  <testcase classname="tests.ProductPageTests" name="AddToCartValidation" time="8.236"/>
</testsuite> <!-- tests.ProductPageTests -->
