<?xml version="1.0" encoding="UTF-8"?>
<!-- Generated by org.testng.reporters.JUnitReportReporter -->
<testsuite hostname="DESKTOP-8QKMD94" failures="0" tests="6" name="tests.ProductCataloguePageTests" time="44.812" errors="0" timestamp="2026-03-23T16:36:52 CET" skipped="0">
  <testcase classname="tests.ProductCataloguePageTests" name="BrandNameValidation" time="6.236"/>
  <testcase classname="tests.ProductCataloguePageTests" name="AddToCartValidation" time="8.847"/>
  <testcase classname="tests.ProductCataloguePageTests" name="MyOrdersBtnValidation" time="6.773"/>
  <testcase classname="tests.ProductCataloguePageTests" name="CartBtnValidation" time="6.087"/>
  <testcase classname="tests.ProductCataloguePageTests" name="CartNumberValidation" time="10.240"/>
  <testcase classname="tests.ProductCataloguePageTests" name="SearchBarValidation" time="6.629"/>
</testsuite> <!-- tests.ProductCataloguePageTests -->
