<?xml version="1.0" encoding="UTF-8"?>
<!-- Generated by org.testng.reporters.JUnitReportReporter -->
<testsuite hostname="DESKTOP-8QKMD94" failures="0" tests="9" name="tests.ConfirmationPageTest" time="92.908" errors="0" timestamp="2026-03-30T16:42:07 CEST" skipped="0">
  <testcase classname="tests.ConfirmationPageTest" name="OrdersHistoryBtnValidation" time="7.472"/>
  <testcase classname="tests.ConfirmationPageTest" name="OrdersHistoryBtnValidation" time="6.742"/>
  <testcase classname="tests.ConfirmationPageTest" name="OrdersIdValidation" time="10.417"/>
  <testcase classname="tests.ConfirmationPageTest" name="OrdersIdValidation" time="10.295"/>
  <testcase classname="tests.ConfirmationPageTest" name="ProductNamesConfirmation" time="11.323"/>
  <testcase classname="tests.ConfirmationPageTest" name="ProductNamesConfirmation" time="10.238"/>
  <testcase classname="tests.ConfirmationPageTest" name="OrdersHistoryBtnValidation" time="9.720"/>
  <testcase classname="tests.ConfirmationPageTest" name="ProductNamesConfirmation" time="13.094"/>
  <testcase classname="tests.ConfirmationPageTest" name="OrdersIdValidation" time="13.607"/>
</testsuite> <!-- tests.ConfirmationPageTest -->
