<?xml version="1.0" encoding="UTF-8"?>
<!-- Generated by org.testng.reporters.JUnitReportReporter -->
<testsuite hostname="DESKTOP-8QKMD94" failures="0" tests="12" name="tests.OrdersPageTests" time="81.940" errors="0" timestamp="2026-03-30T16:42:07 CEST" skipped="0">
  <testcase classname="tests.OrdersPageTests" name="BackToCartBtnValidation" time="4.269"/>
  <testcase classname="tests.OrdersPageTests" name="BackToShopBtnValidation" time="4.452"/>
  <testcase classname="tests.OrdersPageTests" name="DeleteOrderValidation" time="9.546"/>
  <testcase classname="tests.OrdersPageTests" name="ViewItemValidation" time="9.062"/>
  <testcase classname="tests.OrdersPageTests" name="DeleteOrderValidation" time="8.264"/>
  <testcase classname="tests.OrdersPageTests" name="BackToCartBtnValidation" time="5.678"/>
  <testcase classname="tests.OrdersPageTests" name="BackToShopBtnValidation" time="4.651"/>
  <testcase classname="tests.OrdersPageTests" name="ViewItemValidation" time="7.861"/>
  <testcase classname="tests.OrdersPageTests" name="DeleteOrderValidation" time="8.202"/>
  <testcase classname="tests.OrdersPageTests" name="ViewItemValidation" time="7.373"/>
  <testcase classname="tests.OrdersPageTests" name="BackToShopBtnValidation" time="6.544"/>
  <testcase classname="tests.OrdersPageTests" name="BackToCartBtnValidation" time="6.038"/>
</testsuite> <!-- tests.OrdersPageTests -->
