<?xml version="1.0" encoding="UTF-8"?>
<!-- Generated by org.testng.reporters.JUnitReportReporter -->
<testsuite hostname="DESKTOP-8QKMD94" failures="0" tests="21" name="tests.LoginPageTests" time="96.931" errors="0" timestamp="2026-03-30T16:42:07 CEST" skipped="0">
  <testcase classname="tests.LoginPageTests" name="InvalidEmailValidation" time="3.311"/>
  <testcase classname="tests.LoginPageTests" name="ForgotPasswordLinkValidation" time="2.963"/>
  <testcase classname="tests.LoginPageTests" name="BlankSpacesValidation" time="5.839"/>
  <testcase classname="tests.LoginPageTests" name="SuccessfulLoginValidation" time="3.483"/>
  <testcase classname="tests.LoginPageTests" name="BlankSpacesValidation" time="5.380"/>
  <testcase classname="tests.LoginPageTests" name="BlankSpacesValidation" time="3.342"/>
  <testcase classname="tests.LoginPageTests" name="ForgotPasswordLinkValidation" time="3.069"/>
  <testcase classname="tests.LoginPageTests" name="WrongPasswordValidation" time="4.068"/>
  <testcase classname="tests.LoginPageTests" name="RegisterLinkValidation" time="3.144"/>
  <testcase classname="tests.LoginPageTests" name="WrongPasswordValidation" time="3.897"/>
  <testcase classname="tests.LoginPageTests" name="WrongPasswordValidation" time="6.946"/>
  <testcase classname="tests.LoginPageTests" name="SuccessfulLoginValidation" time="3.472"/>
  <testcase classname="tests.LoginPageTests" name="LogOutValidation" time="4.259"/>
  <testcase classname="tests.LoginPageTests" name="RegisterLinkValidation" time="3.093"/>
  <testcase classname="tests.LoginPageTests" name="InvalidEmailValidation" time="3.197"/>
  <testcase classname="tests.LoginPageTests" name="ForgotPasswordLinkValidation" time="6.463"/>
  <testcase classname="tests.LoginPageTests" name="InvalidEmailValidation" time="6.270"/>
  <testcase classname="tests.LoginPageTests" name="RegisterLinkValidation" time="6.449"/>
  <testcase classname="tests.LoginPageTests" name="SuccessfulLoginValidation" time="6.793"/>
  <testcase classname="tests.LoginPageTests" name="LogOutValidation" time="6.883"/>
  <testcase classname="tests.LoginPageTests" name="LogOutValidation" time="4.610"/>
</testsuite> <!-- tests.LoginPageTests -->
