<?xml version="1.0" encoding="UTF-8"?>
<!-- Generated by org.testng.reporters.JUnitReportReporter -->
<testsuite hostname="DESKTOP-8QKMD94" failures="0" tests="18" name="tests.ProductCataloguePageTests" time="111.449" errors="0" timestamp="2026-03-30T16:42:07 CEST" skipped="0">
  <testcase classname="tests.ProductCataloguePageTests" name="BrandNameValidation" time="4.040"/>
  <testcase classname="tests.ProductCataloguePageTests" name="AddToCartValidation" time="6.239"/>
  <testcase classname="tests.ProductCataloguePageTests" name="SearchBarValidation" time="5.064"/>
  <testcase classname="tests.ProductCataloguePageTests" name="MyOrdersBtnValidation" time="6.094"/>
  <testcase classname="tests.ProductCataloguePageTests" name="SearchBarValidation" time="4.542"/>
  <testcase classname="tests.ProductCataloguePageTests" name="CartNumberValidation" time="10.455"/>
  <testcase classname="tests.ProductCataloguePageTests" name="CartBtnValidation" time="8.818"/>
  <testcase classname="tests.ProductCataloguePageTests" name="CartBtnValidation" time="6.218"/>
  <testcase classname="tests.ProductCataloguePageTests" name="AddToCartValidation" time="7.887"/>
  <testcase classname="tests.ProductCataloguePageTests" name="CartNumberValidation" time="7.466"/>
  <testcase classname="tests.ProductCataloguePageTests" name="MyOrdersBtnValidation" time="3.706"/>
  <testcase classname="tests.ProductCataloguePageTests" name="BrandNameValidation" time="3.695"/>
  <testcase classname="tests.ProductCataloguePageTests" name="AddToCartValidation" time="5.795"/>
  <testcase classname="tests.ProductCataloguePageTests" name="CartNumberValidation" time="10.122"/>
  <testcase classname="tests.ProductCataloguePageTests" name="SearchBarValidation" time="7.126"/>
  <testcase classname="tests.ProductCataloguePageTests" name="MyOrdersBtnValidation" time="3.989"/>
  <testcase classname="tests.ProductCataloguePageTests" name="BrandNameValidation" time="6.021"/>
  <testcase classname="tests.ProductCataloguePageTests" name="CartBtnValidation" time="4.172"/>
</testsuite> <!-- tests.ProductCataloguePageTests -->
