<?xml version="1.0" encoding="UTF-8"?>
<!-- Generated by org.testng.reporters.JUnitReportReporter -->
<testsuite hostname="DESKTOP-8QKMD94" failures="0" tests="3" name="tests.ConfirmationPageTest" time="26.912" errors="0" timestamp="2026-03-24T22:01:40 CET" skipped="0">
  <testcase classname="tests.ConfirmationPageTest" name="OrdersIdValidation" time="9.767"/>
  <testcase classname="tests.ConfirmationPageTest" name="OrdersHistoryBtnValidation" time="7.301"/>
  <testcase classname="tests.ConfirmationPageTest" name="ProductNamesConfirmation" time="9.844"/>
</testsuite> <!-- tests.ConfirmationPageTest -->
