<?xml version="1.0" encoding="UTF-8"?>
<!-- Generated by org.testng.reporters.JUnitReportReporter -->
<testsuite hostname="DESKTOP-8QKMD94" failures="0" tests="7" name="tests.LoginPageTests" time="43.043" errors="0" timestamp="2026-03-23T16:31:42 CET" skipped="0">
  <testcase classname="tests.LoginPageTests" name="SuccessfulLoginValidation" time="6.459"/>
  <testcase classname="tests.LoginPageTests" name="RegisterLinkValidation" time="5.963"/>
  <testcase classname="tests.LoginPageTests" name="BlankSpacesValidation" time="5.713"/>
  <testcase classname="tests.LoginPageTests" name="ForgotPasswordLinkValidation" time="6.471"/>
  <testcase classname="tests.LoginPageTests" name="InvalidEmailValidation" time="5.728"/>
  <testcase classname="tests.LoginPageTests" name="LogOutValidation" time="6.272"/>
  <testcase classname="tests.LoginPageTests" name="WrongPasswordValidation" time="6.437"/>
</testsuite> <!-- tests.LoginPageTests -->
