<?xml version="1.0" encoding="UTF-8"?>
<!-- Generated by org.testng.reporters.JUnitReportReporter -->
<testsuite hostname="DESKTOP-8QKMD94" failures="1" tests="7" name="tests.CheckoutPageTests" time="53.665" errors="0" timestamp="2026-03-24T22:30:02 CET" skipped="2">
  <testcase classname="tests.CheckoutPageTests" name="CreditCardValidation" time="6.481">
    <skipped/>
  </testcase> <!-- CreditCardValidation -->
  <testcase classname="tests.CheckoutPageTests" name="CreditCardValidation" time="7.014">
    <failure message="expected [Please Enter Full Shipping Information] but found [Order Placed Successfully]" type="java.lang.AssertionError">
      <![CDATA[java.lang.AssertionError: expected [Please Enter Full Shipping Information] but found [Order Placed Successfully]
at org.testng.Assert.fail(Assert.java:111)
at org.testng.Assert.failNotEquals(Assert.java:1590)
at org.testng.Assert.assertEqualsImpl(Assert.java:150)
at org.testng.Assert.assertEquals(Assert.java:132)
at org.testng.Assert.assertEquals(Assert.java:656)
at org.testng.Assert.assertEquals(Assert.java:666)
at tests.CheckoutPageTests.CreditCardValidation(CheckoutPageTests.java:74)
at java.base/jdk.internal.reflect.DirectMethodHandleAccessor.invoke(DirectMethodHandleAccessor.java:104)
at java.base/java.lang.reflect.Method.invoke(Method.java:578)
at org.testng.internal.invokers.MethodInvocationHelper.invokeMethod(MethodInvocationHelper.java:141)
at org.testng.internal.invokers.TestInvoker.invokeMethod(TestInvoker.java:697)
at org.testng.internal.invokers.TestInvoker.retryFailed(TestInvoker.java:280)
at org.testng.internal.invokers.MethodRunner.runInSequence(MethodRunner.java:76)
at org.testng.internal.invokers.TestInvoker$MethodInvocationAgent.invoke(TestInvoker.java:1005)
at org.testng.internal.invokers.TestInvoker.invokeTestMethods(TestInvoker.java:203)
at org.testng.internal.invokers.TestMethodWorker.invokeTestMethods(TestMethodWorker.java:154)
at org.testng.internal.invokers.TestMethodWorker.run(TestMethodWorker.java:134)
at java.base/java.util.ArrayList.forEach(ArrayList.java:1511)
at org.testng.TestRunner.privateRun(TestRunner.java:744)
at org.testng.TestRunner.run(TestRunner.java:616)
at org.testng.SuiteRunner.runTest(SuiteRunner.java:421)
at org.testng.SuiteRunner.runSequentially(SuiteRunner.java:413)
at org.testng.SuiteRunner.privateRun(SuiteRunner.java:373)
at org.testng.SuiteRunner.run(SuiteRunner.java:312)
at org.testng.SuiteRunnerWorker.runSuite(SuiteRunnerWorker.java:52)
at org.testng.SuiteRunnerWorker.run(SuiteRunnerWorker.java:95)
at org.testng.TestNG.runSuitesSequentially(TestNG.java:1274)
at org.testng.TestNG.runSuitesLocally(TestNG.java:1208)
at org.testng.TestNG.runSuites(TestNG.java:1112)
at org.testng.TestNG.run(TestNG.java:1079)
at org.testng.remote.AbstractRemoteTestNG.run(AbstractRemoteTestNG.java:115)
at org.testng.remote.RemoteTestNG.initAndRun(RemoteTestNG.java:293)
at org.testng.remote.RemoteTestNG.main(RemoteTestNG.java:91)
]]>
    </failure>
  </testcase> <!-- CreditCardValidation -->
  <testcase classname="tests.CheckoutPageTests" name="CouponValidation" time="10.725"/>
  <testcase classname="tests.CheckoutPageTests" name="CreditCardValidation" time="7.292">
    <skipped/>
  </testcase> <!-- CreditCardValidation -->
  <testcase classname="tests.CheckoutPageTests" name="PlaceOrderValidation" time="6.397"/>
  <testcase classname="tests.CheckoutPageTests" name="ShippingInformationValidation" time="6.657"/>
  <testcase classname="tests.CheckoutPageTests" name="CheckoutProductValidation" time="9.099"/>
</testsuite> <!-- tests.CheckoutPageTests -->
