<?xml version="1.0" encoding="UTF-8"?>
<!-- Generated by org.testng.reporters.JUnitReportReporter -->
<testsuite hostname="DESKTOP-8QKMD94" failures="0" tests="9" name="tests.ProductPageTests" time="54.036" errors="0" timestamp="2026-03-30T16:42:07 CEST" skipped="0">
  <testcase classname="tests.ProductPageTests" name="AddToCartValidation" time="6.107"/>
  <testcase classname="tests.ProductPageTests" name="ProductNameValidation" time="6.913"/>
  <testcase classname="tests.ProductPageTests" name="ContinueShoppingValidation" time="4.536"/>
  <testcase classname="tests.ProductPageTests" name="ContinueShoppingValidation" time="7.454"/>
  <testcase classname="tests.ProductPageTests" name="ContinueShoppingValidation" time="4.209"/>
  <testcase classname="tests.ProductPageTests" name="AddToCartValidation" time="9.235"/>
  <testcase classname="tests.ProductPageTests" name="AddToCartValidation" time="5.796"/>
  <testcase classname="tests.ProductPageTests" name="ProductNameValidation" time="5.096"/>
  <testcase classname="tests.ProductPageTests" name="ProductNameValidation" time="4.690"/>
</testsuite> <!-- tests.ProductPageTests -->
