<?xml version="1.0" encoding="UTF-8"?>
<!-- Generated by org.testng.reporters.JUnitReportReporter -->
<testsuite hostname="DESKTOP-8QKMD94" failures="0" tests="2" name="tests.OrderDetailsTests" time="12.805" errors="0" timestamp="2026-03-24T15:26:49 CET" skipped="0">
  <testcase classname="tests.OrderDetailsTests" name="ViewOrdersBtnValidation" time="6.426"/>
  <testcase classname="tests.OrderDetailsTests" name="OrderDetailsValidation" time="6.379"/>
</testsuite> <!-- tests.OrderDetailsTests -->
