<?xml version="1.0" encoding="UTF-8"?>
<!-- Generated by org.testng.reporters.JUnitReportReporter -->
<testsuite hostname="DESKTOP-8QKMD94" failures="0" tests="6" name="tests.OrderDetailsTests" time="52.957" errors="0" timestamp="2026-03-30T16:42:07 CEST" skipped="0">
  <testcase classname="tests.OrderDetailsTests" name="OrderDetailsValidation" time="7.678"/>
  <testcase classname="tests.OrderDetailsTests" name="ViewOrdersBtnValidation" time="8.327"/>
  <testcase classname="tests.OrderDetailsTests" name="OrderDetailsValidation" time="8.754"/>
  <testcase classname="tests.OrderDetailsTests" name="OrderDetailsValidation" time="10.837"/>
  <testcase classname="tests.OrderDetailsTests" name="ViewOrdersBtnValidation" time="9.406"/>
  <testcase classname="tests.OrderDetailsTests" name="ViewOrdersBtnValidation" time="7.955"/>
</testsuite> <!-- tests.OrderDetailsTests -->
