<?xml version="1.0" encoding="UTF-8"?>
<!-- Generated by org.testng.reporters.JUnitReportReporter -->
<testsuite hostname="DESKTOP-8QKMD94" failures="0" tests="4" name="tests.OrdersPageTests" time="22.819" errors="0" timestamp="2026-03-24T15:26:49 CET" skipped="0">
  <testcase classname="tests.OrdersPageTests" name="DeleteOrderValidation" time="7.441"/>
  <testcase classname="tests.OrdersPageTests" name="BackToShopBtnValidation" time="6.025"/>
  <testcase classname="tests.OrdersPageTests" name="ViewItemValidation" time="6.287"/>
  <testcase classname="tests.OrdersPageTests" name="BackToCartBtnValidation" time="3.066"/>
</testsuite> <!-- tests.OrdersPageTests -->
